<?xml version="1.0" encoding="UTF-8"?>
<testng-results ignored="0" total="2" passed="2" failed="0" skipped="0">
  <reporter-output>
  </reporter-output>
  <suite started-at="2023-01-27T10:59:08 IST" name="Default suite" finished-at="2023-01-27T10:59:25 IST" duration-ms="16608">
    <groups>
    </groups>
    <test started-at="2023-01-27T10:59:08 IST" name="Default test" finished-at="2023-01-27T10:59:25 IST" duration-ms="16608">
      <class name="testPackBarclays.BarclayTestNG">
        <test-method is-config="true" signature="a()[pri:0, instance:testPackBarclays.BarclayTestNG@50ad3bc1]" started-at="2023-01-27T10:59:08 IST" name="a" finished-at="2023-01-27T10:59:14 IST" duration-ms="5806" status="PASS">
          <reporter-output>
          </reporter-output>
        </test-method> <!-- a -->
        <test-method is-config="true" signature="c()[pri:0, instance:testPackBarclays.BarclayTestNG@50ad3bc1]" started-at="2023-01-27T10:59:14 IST" name="c" finished-at="2023-01-27T10:59:14 IST" duration-ms="0" status="PASS">
          <reporter-output>
          </reporter-output>
        </test-method> <!-- c -->
        <test-method signature="Test1()[pri:1, instance:testPackBarclays.BarclayTestNG@50ad3bc1]" started-at="2023-01-27T10:59:14 IST" name="Test1" finished-at="2023-01-27T10:59:16 IST" duration-ms="2287" status="PASS">
          <reporter-output>
          </reporter-output>
        </test-method> <!-- Test1 -->
        <test-method signature="Test2()[pri:2, instance:testPackBarclays.BarclayTestNG@50ad3bc1]" started-at="2023-01-27T10:59:16 IST" name="Test2" finished-at="2023-01-27T10:59:25 IST" duration-ms="8478" status="PASS">
          <reporter-output>
          </reporter-output>
        </test-method> <!-- Test2 -->
        <test-method is-config="true" signature="c()[pri:0, instance:testPackBarclays.BarclayTestNG@50ad3bc1]" started-at="2023-01-27T10:59:16 IST" name="c" finished-at="2023-01-27T10:59:16 IST" duration-ms="0" status="PASS">
          <reporter-output>
          </reporter-output>
        </test-method> <!-- c -->
      </class> <!-- testPackBarclays.BarclayTestNG -->
    </test> <!-- Default test -->
  </suite> <!-- Default suite -->
</testng-results>
