<?xml version="1.0" encoding="UTF-8"?>
<testng-results ignored="0" total="1" passed="1" failed="0" skipped="0">
  <reporter-output>
  </reporter-output>
  <suite started-at="2023-01-25T19:55:16 IST" name="Default suite" finished-at="2023-01-25T19:55:24 IST" duration-ms="8134">
    <groups>
    </groups>
    <test started-at="2023-01-25T19:55:16 IST" name="Default test" finished-at="2023-01-25T19:55:24 IST" duration-ms="8134">
      <class name="TestNGPack.TestNgClass">
        <test-method is-config="true" signature="beforeClass()[pri:0, instance:TestNGPack.TestNgClass@20f5239f]" started-at="2023-01-25T19:55:16 IST" name="beforeClass" finished-at="2023-01-25T19:55:17 IST" duration-ms="1164" status="PASS">
          <reporter-output>
          </reporter-output>
        </test-method> <!-- beforeClass -->
        <test-method is-config="true" signature="beforeMethod()[pri:0, instance:TestNGPack.TestNgClass@20f5239f]" started-at="2023-01-25T19:55:17 IST" name="beforeMethod" finished-at="2023-01-25T19:55:23 IST" duration-ms="6570" status="PASS">
          <reporter-output>
          </reporter-output>
        </test-method> <!-- beforeMethod -->
        <test-method signature="test2()[pri:0, instance:TestNGPack.TestNgClass@20f5239f]" started-at="2023-01-25T19:55:23 IST" name="test2" finished-at="2023-01-25T19:55:24 IST" duration-ms="356" status="PASS">
          <reporter-output>
          </reporter-output>
        </test-method> <!-- test2 -->
        <test-method is-config="true" signature="afterMethod()[pri:0, instance:TestNGPack.TestNgClass@20f5239f]" started-at="2023-01-25T19:55:24 IST" name="afterMethod" finished-at="2023-01-25T19:55:24 IST" duration-ms="0" status="PASS">
          <reporter-output>
          </reporter-output>
        </test-method> <!-- afterMethod -->
        <test-method is-config="true" signature="afterClass()[pri:0, instance:TestNGPack.TestNgClass@20f5239f]" started-at="2023-01-25T19:55:24 IST" name="afterClass" finished-at="2023-01-25T19:55:24 IST" duration-ms="3" status="PASS">
          <reporter-output>
          </reporter-output>
        </test-method> <!-- afterClass -->
      </class> <!-- TestNGPack.TestNgClass -->
    </test> <!-- Default test -->
  </suite> <!-- Default suite -->
</testng-results>
