<?xml version="1.0" encoding="UTF-8"?>
<!-- Generated by org.testng.reporters.JUnitXMLReporter -->
<testsuite ignored="0" hostname="Flynn" failures="0" tests="6" name="Chrome Test" time="72.583" errors="0" timestamp="2023-02-13T17:59:43 IST">
  <testcase classname="TestNg.TestNgClass1" name="Test1" time="17.342"/>
  <testcase classname="TestNg.TestNgClass1" name="Test2" time="13.909"/>
  <testcase classname="TestNg.TestNgClass1" name="Test3" time="2.885"/>
  <testcase classname="TestNg.TestNgClass1" name="Test4" time="3.054"/>
  <testcase classname="TestNg.TestNgClass1" name="Test5" time="8.879"/>
  <testcase classname="TestNg.TestNgClass1" name="Test6" time="3.493"/>
</testsuite> <!-- Chrome Test -->
