<?xml version="1.0" encoding="UTF-8"?>
<!-- Generated by org.testng.reporters.JUnitXMLReporter -->
<testsuite ignored="0" hostname="Flynn" failures="0" tests="6" name="LexusTest" time="69.522" errors="0" timestamp="2023-02-05T19:13:04 IST">
  <testcase classname="TestNg.TestNgClass1" name="Test1" time="17.521"/>
  <testcase classname="TestNg.TestNgClass1" name="Test2" time="8.666"/>
  <testcase classname="TestNg.TestNgClass1" name="Test3" time="2.587"/>
  <testcase classname="TestNg.TestNgClass1" name="Test4" time="2.527"/>
  <testcase classname="TestNg.TestNgClass1" name="Test5" time="12.818"/>
  <testcase classname="TestNg.TestNgClass1" name="Test6" time="4.618"/>
</testsuite> <!-- LexusTest -->
