<?xml version="1.0" encoding="UTF-8"?>
<!-- Generated by org.testng.reporters.JUnitXMLReporter -->
<testsuite ignored="0" hostname="Flynn" failures="0" tests="6" name="Microsoft Edge Test" time="93.556" errors="0" timestamp="2023-02-05T19:16:14 IST">
  <testcase classname="TestNg.TestNgClass1" name="Test1" time="24.77"/>
  <testcase classname="TestNg.TestNgClass1" name="Test2" time="8.638"/>
  <testcase classname="TestNg.TestNgClass1" name="Test3" time="10.014"/>
  <testcase classname="TestNg.TestNgClass1" name="Test4" time="10.083"/>
  <testcase classname="TestNg.TestNgClass1" name="Test5" time="10.054"/>
  <testcase classname="TestNg.TestNgClass1" name="Test6" time="10.016"/>
</testsuite> <!-- Microsoft Edge Test -->
