<?xml version="1.0" encoding="UTF-8"?>
<!-- Generated by org.testng.reporters.JUnitXMLReporter -->
<testsuite ignored="0" hostname="Flynn" failures="0" tests="9" name="Test123" time="90.267" errors="0" timestamp="2023-02-03T10:52:45 IST">
  <testcase classname="TestNg.TestNgClass1" name="Test1" time="16.971"/>
  <testcase classname="TestNg.TestNgClass1" name="Test2" time="8.808"/>
  <testcase classname="TestNg.TestNgClass1" name="Test3" time="2.815"/>
  <testcase classname="TestNg.TestNgClass1" name="Test4" time="2.992"/>
  <testcase classname="TestNg.TestNgClass1" name="Test5" time="9.114"/>
  <testcase classname="TestNg.TestNgClass1" name="Test6" time="0.499"/>
  <testcase classname="TestNg.TestNgClass2" name="Test3" time="3.592"/>
  <testcase classname="TestNg.TestNgClass2" name="Test4" time="2.967"/>
  <testcase classname="TestNg.TestNgClass2" name="Test5" time="10.29"/>
</testsuite> <!-- Test123 -->
